<?xml version="1.0" encoding="UTF-8"?>
<testng-results ignored="0" total="1" passed="1" failed="0" skipped="0">
  <reporter-output>
  </reporter-output>
  <suite started-at="2024-12-06T10:41:23 IST" name="Suite" finished-at="2024-12-06T10:42:04 IST" duration-ms="41072">
    <groups>
    </groups>
    <test started-at="2024-12-06T10:41:23 IST" name="Test" finished-at="2024-12-06T10:42:04 IST" duration-ms="41072">
      <class name="Tests.Test1">
        <test-method signature="a()[pri:0, instance:Tests.Test1@bef2d72]" started-at="2024-12-06T10:41:23 IST" name="a" finished-at="2024-12-06T10:42:04 IST" duration-ms="40990" status="PASS">
          <reporter-output>
          </reporter-output>
        </test-method> <!-- a -->
      </class> <!-- Tests.Test1 -->
    </test> <!-- Test -->
  </suite> <!-- Suite -->
</testng-results>
