<?xml version="1.0" encoding="UTF-8"?>
<testng-results ignored="0" total="1" passed="1" failed="0" skipped="0">
  <reporter-output>
  </reporter-output>
  <suite started-at="2024-12-11T12:48:13 IST" name="Suite" finished-at="2024-12-11T12:50:17 IST" duration-ms="124744">
    <groups>
    </groups>
    <test started-at="2024-12-11T12:48:13 IST" name="Test" finished-at="2024-12-11T12:50:17 IST" duration-ms="124744">
      <class name="Tests.Test1">
        <test-method signature="a()[pri:0, instance:Tests.Test1@4d154ccd]" started-at="2024-12-11T12:48:13 IST" name="a" finished-at="2024-12-11T12:50:17 IST" duration-ms="124002" status="PASS">
          <reporter-output>
          </reporter-output>
        </test-method> <!-- a -->
      </class> <!-- Tests.Test1 -->
    </test> <!-- Test -->
  </suite> <!-- Suite -->
</testng-results>
